2020-11-25 21:21:03
Full thread dump OpenJDK 64-Bit Server VM (11.0.4+11 mixed mode):

Threads class SMR info:
_java_thread_list=0x00007f9b5dc3c950, length=43, elements={
0x00007f9b5e00d800, 0x00007f9b61038800, 0x00007f9b6103b800, 0x00007f9b5f0bc000,
0x00007f9b5e83c000, 0x00007f9b6103c800, 0x00007f9b5e83d800, 0x00007f9b5f14b800,
0x00007f9b61040000, 0x00007f9b5e84e000, 0x00007f9b5e80a800, 0x00007f9b5f15d000,
0x00007f9b5f16e000, 0x00007f9b5f16f000, 0x00007f9b5f16f800, 0x00007f9b6180a800,
0x00007f9b62808800, 0x00007f9b5f178800, 0x00007f9b5f179800, 0x00007f9b63008800,
0x00007f9b62010800, 0x00007f9b61813800, 0x00007f9b61814000, 0x00007f9b5e83e800,
0x00007f9b62019000, 0x00007f9b6280b800, 0x00007f9b6201c000, 0x00007f9b6300b800,
0x00007f9b6201d000, 0x00007f9b5e941000, 0x00007f9b5e942000, 0x00007f9b6201e000,
0x00007f9b6108c000, 0x00007f9b6201f000, 0x00007f9b5e943000, 0x00007f9b6120c000,
0x00007f9b6300c000, 0x00007f9b6201f800, 0x00007f9b5e0d8800, 0x00007f9b6300d000,
0x00007f9b62020800, 0x00007f9b6280c000, 0x00007f9b62809000
}

"main" #1 prio=5 os_prio=31 cpu=193.37ms elapsed=11.15s tid=0x00007f9b5e00d800 nid=0x2803 waiting on condition  [0x000070000c5ce000]
   java.lang.Thread.State: TIMED_WAITING (sleeping)
	at java.lang.Thread.sleep(java.base@11.0.4/Native Method)
	at net.greg.examples.pool.PoolLifecycle.start(PoolLifecycle.java:62)
	at net.greg.examples.pool.PoolLifecycle.main(PoolLifecycle.java:21)

"Reference Handler" #2 daemon prio=10 os_prio=31 cpu=0.39ms elapsed=11.12s tid=0x00007f9b61038800 nid=0x3303 waiting on condition  [0x000070000cce3000]
   java.lang.Thread.State: RUNNABLE
	at java.lang.ref.Reference.waitForReferencePendingList(java.base@11.0.4/Native Method)
	at java.lang.ref.Reference.processPendingReferences(java.base@11.0.4/Reference.java:241)
	at java.lang.ref.Reference$ReferenceHandler.run(java.base@11.0.4/Reference.java:213)

"Finalizer" #3 daemon prio=8 os_prio=31 cpu=0.29ms elapsed=11.12s tid=0x00007f9b6103b800 nid=0x4a03 in Object.wait()  [0x000070000cde6000]
   java.lang.Thread.State: WAITING (on object monitor)
	at java.lang.Object.wait(java.base@11.0.4/Native Method)
	- waiting on <0x000000070e702c20> (a java.lang.ref.ReferenceQueue$Lock)
	at java.lang.ref.ReferenceQueue.remove(java.base@11.0.4/ReferenceQueue.java:155)
	- waiting to re-lock in wait() <0x000000070e702c20> (a java.lang.ref.ReferenceQueue$Lock)
	at java.lang.ref.ReferenceQueue.remove(java.base@11.0.4/ReferenceQueue.java:176)
	at java.lang.ref.Finalizer$FinalizerThread.run(java.base@11.0.4/Finalizer.java:170)

"Signal Dispatcher" #4 daemon prio=9 os_prio=31 cpu=0.30ms elapsed=11.11s tid=0x00007f9b5f0bc000 nid=0x3d03 runnable  [0x0000000000000000]
   java.lang.Thread.State: RUNNABLE

"C2 CompilerThread0" #5 daemon prio=9 os_prio=31 cpu=348.05ms elapsed=11.11s tid=0x00007f9b5e83c000 nid=0x4003 waiting on condition  [0x0000000000000000]
   java.lang.Thread.State: RUNNABLE
   No compile task

"C1 CompilerThread0" #8 daemon prio=9 os_prio=31 cpu=183.76ms elapsed=11.11s tid=0x00007f9b6103c800 nid=0x4303 waiting on condition  [0x0000000000000000]
   java.lang.Thread.State: RUNNABLE
   No compile task

"Sweeper thread" #9 daemon prio=9 os_prio=31 cpu=3.55ms elapsed=11.11s tid=0x00007f9b5e83d800 nid=0xa903 runnable  [0x0000000000000000]
   java.lang.Thread.State: RUNNABLE

"Service Thread" #10 daemon prio=9 os_prio=31 cpu=0.05ms elapsed=11.08s tid=0x00007f9b5f14b800 nid=0xa703 runnable  [0x0000000000000000]
   java.lang.Thread.State: RUNNABLE

"Common-Cleaner" #11 daemon prio=8 os_prio=31 cpu=0.36ms elapsed=11.08s tid=0x00007f9b61040000 nid=0x5903 in Object.wait()  [0x000070000d601000]
   java.lang.Thread.State: TIMED_WAITING (on object monitor)
	at java.lang.Object.wait(java.base@11.0.4/Native Method)
	- waiting on <0x000000070e705cc8> (a java.lang.ref.ReferenceQueue$Lock)
	at java.lang.ref.ReferenceQueue.remove(java.base@11.0.4/ReferenceQueue.java:155)
	- waiting to re-lock in wait() <0x000000070e705cc8> (a java.lang.ref.ReferenceQueue$Lock)
	at jdk.internal.ref.CleanerImpl.run(java.base@11.0.4/CleanerImpl.java:148)
	at java.lang.Thread.run(java.base@11.0.4/Thread.java:834)
	at jdk.internal.misc.InnocuousThread.run(java.base@11.0.4/InnocuousThread.java:134)

"Thread-0" #12 daemon prio=5 os_prio=31 cpu=12.86ms elapsed=11.01s tid=0x00007f9b5e84e000 nid=0x5b03 waiting on condition  [0x000070000d704000]
   java.lang.Thread.State: TIMED_WAITING (sleeping)
	at java.lang.Thread.sleep(java.base@11.0.4/Native Method)
	at java.lang.Thread.sleep(java.base@11.0.4/Thread.java:339)
	at java.util.concurrent.TimeUnit.sleep(java.base@11.0.4/TimeUnit.java:446)
	at net.greg.examples.pool.WorkerThread.run(WorkerThread.java:45)

"Thread-1" #13 daemon prio=2 os_prio=31 cpu=1204.30ms elapsed=11.01s tid=0x00007f9b5e80a800 nid=0x5e03 waiting for monitor entry  [0x000070000d807000]
   java.lang.Thread.State: BLOCKED (on object monitor)
	at java.io.PrintStream.println(java.base@11.0.4/PrintStream.java:881)
	- waiting to lock <0x000000070e701ba8> (a java.io.PrintStream)
	at net.greg.examples.pool.WorkerThread.run(WorkerThread.java:49)

"Thread-2" #14 daemon prio=5 os_prio=31 cpu=218.79ms elapsed=11.01s tid=0x00007f9b5f15d000 nid=0xa103 waiting for monitor entry  [0x000070000d90a000]
   java.lang.Thread.State: BLOCKED (on object monitor)
	at java.io.PrintStream.println(java.base@11.0.4/PrintStream.java:881)
	- waiting to lock <0x000000070e701ba8> (a java.io.PrintStream)
	at net.greg.examples.pool.WorkerThread.run(WorkerThread.java:49)

"Thread-3" #15 daemon prio=5 os_prio=31 cpu=7.17ms elapsed=11.00s tid=0x00007f9b5f16e000 nid=0x6103 waiting on condition  [0x000070000da0d000]
   java.lang.Thread.State: TIMED_WAITING (sleeping)
	at java.lang.Thread.sleep(java.base@11.0.4/Native Method)
	at java.lang.Thread.sleep(java.base@11.0.4/Thread.java:339)
	at java.util.concurrent.TimeUnit.sleep(java.base@11.0.4/TimeUnit.java:446)
	at net.greg.examples.pool.WorkerThread.run(WorkerThread.java:45)

"Thread-4" #16 daemon prio=5 os_prio=31 cpu=9.73ms elapsed=11.00s tid=0x00007f9b5f16f000 nid=0x9f03 waiting on condition  [0x000070000db10000]
   java.lang.Thread.State: TIMED_WAITING (sleeping)
	at java.lang.Thread.sleep(java.base@11.0.4/Native Method)
	at java.lang.Thread.sleep(java.base@11.0.4/Thread.java:339)
	at java.util.concurrent.TimeUnit.sleep(java.base@11.0.4/TimeUnit.java:446)
	at net.greg.examples.pool.WorkerThread.run(WorkerThread.java:45)

"Thread-5" #17 daemon prio=5 os_prio=31 cpu=553.82ms elapsed=11.00s tid=0x00007f9b5f16f800 nid=0x9e03 runnable  [0x000070000dc13000]
   java.lang.Thread.State: RUNNABLE
	at java.io.FileOutputStream.writeBytes(java.base@11.0.4/Native Method)
	at java.io.FileOutputStream.write(java.base@11.0.4/FileOutputStream.java:354)
	at java.io.BufferedOutputStream.flushBuffer(java.base@11.0.4/BufferedOutputStream.java:81)
	at java.io.BufferedOutputStream.flush(java.base@11.0.4/BufferedOutputStream.java:142)
	- locked <0x000000070e7a5160> (a java.io.BufferedOutputStream)
	at java.io.PrintStream.write(java.base@11.0.4/PrintStream.java:561)
	- locked <0x000000070e701ba8> (a java.io.PrintStream)
	at sun.nio.cs.StreamEncoder.writeBytes(java.base@11.0.4/StreamEncoder.java:233)
	at sun.nio.cs.StreamEncoder.implFlushBuffer(java.base@11.0.4/StreamEncoder.java:312)
	at sun.nio.cs.StreamEncoder.flushBuffer(java.base@11.0.4/StreamEncoder.java:104)
	- locked <0x000000070e70ac20> (a java.io.OutputStreamWriter)
	at java.io.OutputStreamWriter.flushBuffer(java.base@11.0.4/OutputStreamWriter.java:184)
	at java.io.PrintStream.newLine(java.base@11.0.4/PrintStream.java:625)
	- eliminated <0x000000070e701ba8> (a java.io.PrintStream)
	at java.io.PrintStream.println(java.base@11.0.4/PrintStream.java:883)
	- locked <0x000000070e701ba8> (a java.io.PrintStream)
	at net.greg.examples.pool.WorkerThread.run(WorkerThread.java:49)

"Thread-6" #18 daemon prio=5 os_prio=31 cpu=546.79ms elapsed=11.00s tid=0x00007f9b6180a800 nid=0x6503 waiting for monitor entry  [0x000070000dd16000]
   java.lang.Thread.State: BLOCKED (on object monitor)
	at java.io.PrintStream.println(java.base@11.0.4/PrintStream.java:881)
	- waiting to lock <0x000000070e701ba8> (a java.io.PrintStream)
	at net.greg.examples.pool.WorkerThread.run(WorkerThread.java:49)

"Thread-7" #19 daemon prio=5 os_prio=31 cpu=65.70ms elapsed=11.00s tid=0x00007f9b62808800 nid=0x9a03 waiting for monitor entry  [0x000070000de19000]
   java.lang.Thread.State: BLOCKED (on object monitor)
	at java.io.PrintStream.println(java.base@11.0.4/PrintStream.java:881)
	- waiting to lock <0x000000070e701ba8> (a java.io.PrintStream)
	at net.greg.examples.pool.WorkerThread.run(WorkerThread.java:49)

"Thread-8" #20 daemon prio=5 os_prio=31 cpu=314.51ms elapsed=11.00s tid=0x00007f9b5f178800 nid=0x9803 waiting for monitor entry  [0x000070000df1c000]
   java.lang.Thread.State: BLOCKED (on object monitor)
	at java.io.PrintStream.println(java.base@11.0.4/PrintStream.java:881)
	- waiting to lock <0x000000070e701ba8> (a java.io.PrintStream)
	at net.greg.examples.pool.WorkerThread.run(WorkerThread.java:49)

"Thread-9" #21 daemon prio=5 os_prio=31 cpu=111.51ms elapsed=11.00s tid=0x00007f9b5f179800 nid=0x6803 waiting for monitor entry  [0x000070000e01f000]
   java.lang.Thread.State: BLOCKED (on object monitor)
	at java.io.PrintStream.println(java.base@11.0.4/PrintStream.java:881)
	- waiting to lock <0x000000070e701ba8> (a java.io.PrintStream)
	at net.greg.examples.pool.WorkerThread.run(WorkerThread.java:49)

"Thread-10" #22 daemon prio=5 os_prio=31 cpu=5.34ms elapsed=11.00s tid=0x00007f9b63008800 nid=0x9503 waiting on condition  [0x000070000e122000]
   java.lang.Thread.State: TIMED_WAITING (sleeping)
	at java.lang.Thread.sleep(java.base@11.0.4/Native Method)
	at java.lang.Thread.sleep(java.base@11.0.4/Thread.java:339)
	at java.util.concurrent.TimeUnit.sleep(java.base@11.0.4/TimeUnit.java:446)
	at net.greg.examples.pool.WorkerThread.run(WorkerThread.java:45)

"Thread-11" #23 daemon prio=5 os_prio=31 cpu=831.74ms elapsed=11.00s tid=0x00007f9b62010800 nid=0x9403 waiting for monitor entry  [0x000070000e225000]
   java.lang.Thread.State: BLOCKED (on object monitor)
	at java.io.PrintStream.println(java.base@11.0.4/PrintStream.java:881)
	- waiting to lock <0x000000070e701ba8> (a java.io.PrintStream)
	at net.greg.examples.pool.WorkerThread.run(WorkerThread.java:49)

"Thread-12" #24 daemon prio=5 os_prio=31 cpu=829.66ms elapsed=11.00s tid=0x00007f9b61813800 nid=0x9203 waiting for monitor entry  [0x000070000e328000]
   java.lang.Thread.State: BLOCKED (on object monitor)
	at java.io.PrintStream.println(java.base@11.0.4/PrintStream.java:881)
	- waiting to lock <0x000000070e701ba8> (a java.io.PrintStream)
	at net.greg.examples.pool.WorkerThread.run(WorkerThread.java:49)

"Thread-13" #25 daemon prio=5 os_prio=31 cpu=4.78ms elapsed=11.00s tid=0x00007f9b61814000 nid=0x6e03 waiting on condition  [0x000070000e42b000]
   java.lang.Thread.State: TIMED_WAITING (sleeping)
	at java.lang.Thread.sleep(java.base@11.0.4/Native Method)
	at java.lang.Thread.sleep(java.base@11.0.4/Thread.java:339)
	at java.util.concurrent.TimeUnit.sleep(java.base@11.0.4/TimeUnit.java:446)
	at net.greg.examples.pool.WorkerThread.run(WorkerThread.java:45)

"Thread-14" #26 daemon prio=5 os_prio=31 cpu=13.51ms elapsed=11.00s tid=0x00007f9b5e83e800 nid=0x8e03 waiting on condition  [0x000070000e52e000]
   java.lang.Thread.State: TIMED_WAITING (sleeping)
	at java.lang.Thread.sleep(java.base@11.0.4/Native Method)
	at java.lang.Thread.sleep(java.base@11.0.4/Thread.java:339)
	at java.util.concurrent.TimeUnit.sleep(java.base@11.0.4/TimeUnit.java:446)
	at net.greg.examples.pool.WorkerThread.run(WorkerThread.java:45)

"Thread-15" #27 daemon prio=5 os_prio=31 cpu=1101.06ms elapsed=11.00s tid=0x00007f9b62019000 nid=0x8d03 waiting for monitor entry  [0x000070000e631000]
   java.lang.Thread.State: BLOCKED (on object monitor)
	at java.io.PrintStream.println(java.base@11.0.4/PrintStream.java:881)
	- waiting to lock <0x000000070e701ba8> (a java.io.PrintStream)
	at net.greg.examples.pool.WorkerThread.run(WorkerThread.java:49)

"Thread-16" #28 daemon prio=5 os_prio=31 cpu=819.80ms elapsed=11.00s tid=0x00007f9b6280b800 nid=0x7303 waiting for monitor entry  [0x000070000e734000]
   java.lang.Thread.State: BLOCKED (on object monitor)
	at java.io.PrintStream.println(java.base@11.0.4/PrintStream.java:881)
	- waiting to lock <0x000000070e701ba8> (a java.io.PrintStream)
	at net.greg.examples.pool.WorkerThread.run(WorkerThread.java:49)

"Thread-17" #29 daemon prio=5 os_prio=31 cpu=3.20ms elapsed=11.00s tid=0x00007f9b6201c000 nid=0x8b03 waiting on condition  [0x000070000e837000]
   java.lang.Thread.State: TIMED_WAITING (sleeping)
	at java.lang.Thread.sleep(java.base@11.0.4/Native Method)
	at java.lang.Thread.sleep(java.base@11.0.4/Thread.java:339)
	at java.util.concurrent.TimeUnit.sleep(java.base@11.0.4/TimeUnit.java:446)
	at net.greg.examples.pool.WorkerThread.run(WorkerThread.java:45)

"Thread-18" #30 daemon prio=5 os_prio=31 cpu=3.71ms elapsed=11.00s tid=0x00007f9b6300b800 nid=0x8903 waiting on condition  [0x000070000e93a000]
   java.lang.Thread.State: TIMED_WAITING (sleeping)
	at java.lang.Thread.sleep(java.base@11.0.4/Native Method)
	at java.lang.Thread.sleep(java.base@11.0.4/Thread.java:339)
	at java.util.concurrent.TimeUnit.sleep(java.base@11.0.4/TimeUnit.java:446)
	at net.greg.examples.pool.WorkerThread.run(WorkerThread.java:45)

"Thread-19" #31 daemon prio=5 os_prio=31 cpu=639.68ms elapsed=11.00s tid=0x00007f9b6201d000 nid=0x7703 waiting for monitor entry  [0x000070000ea3d000]
   java.lang.Thread.State: BLOCKED (on object monitor)
	at java.io.PrintStream.println(java.base@11.0.4/PrintStream.java:881)
	- waiting to lock <0x000000070e701ba8> (a java.io.PrintStream)
	at net.greg.examples.pool.WorkerThread.run(WorkerThread.java:49)

"Thread-20" #32 daemon prio=10 os_prio=31 cpu=10.48ms elapsed=11.00s tid=0x00007f9b5e941000 nid=0x7903 waiting on condition  [0x000070000eb40000]
   java.lang.Thread.State: TIMED_WAITING (sleeping)
	at java.lang.Thread.sleep(java.base@11.0.4/Native Method)
	at java.lang.Thread.sleep(java.base@11.0.4/Thread.java:339)
	at java.util.concurrent.TimeUnit.sleep(java.base@11.0.4/TimeUnit.java:446)
	at net.greg.examples.pool.WorkerThread.run(WorkerThread.java:45)

"Thread-21" #33 daemon prio=5 os_prio=31 cpu=4.37ms elapsed=11.00s tid=0x00007f9b5e942000 nid=0x8403 waiting on condition  [0x000070000ec43000]
   java.lang.Thread.State: TIMED_WAITING (sleeping)
	at java.lang.Thread.sleep(java.base@11.0.4/Native Method)
	at java.lang.Thread.sleep(java.base@11.0.4/Thread.java:339)
	at java.util.concurrent.TimeUnit.sleep(java.base@11.0.4/TimeUnit.java:446)
	at net.greg.examples.pool.WorkerThread.run(WorkerThread.java:45)

"Thread-22" #34 daemon prio=5 os_prio=31 cpu=108.29ms elapsed=11.00s tid=0x00007f9b6201e000 nid=0x7d03 waiting for monitor entry  [0x000070000ed46000]
   java.lang.Thread.State: BLOCKED (on object monitor)
	at java.io.PrintStream.println(java.base@11.0.4/PrintStream.java:881)
	- waiting to lock <0x000000070e701ba8> (a java.io.PrintStream)
	at net.greg.examples.pool.WorkerThread.run(WorkerThread.java:49)

"Thread-23" #35 daemon prio=5 os_prio=31 cpu=4.36ms elapsed=11.00s tid=0x00007f9b6108c000 nid=0x8303 waiting on condition  [0x000070000ee49000]
   java.lang.Thread.State: TIMED_WAITING (sleeping)
	at java.lang.Thread.sleep(java.base@11.0.4/Native Method)
	at java.lang.Thread.sleep(java.base@11.0.4/Thread.java:339)
	at java.util.concurrent.TimeUnit.sleep(java.base@11.0.4/TimeUnit.java:446)
	at net.greg.examples.pool.WorkerThread.run(WorkerThread.java:45)

"Thread-24" #36 daemon prio=5 os_prio=31 cpu=9.06ms elapsed=11.00s tid=0x00007f9b6201f000 nid=0x8103 waiting on condition  [0x000070000ef4c000]
   java.lang.Thread.State: TIMED_WAITING (sleeping)
	at java.lang.Thread.sleep(java.base@11.0.4/Native Method)
	at java.lang.Thread.sleep(java.base@11.0.4/Thread.java:339)
	at java.util.concurrent.TimeUnit.sleep(java.base@11.0.4/TimeUnit.java:446)
	at net.greg.examples.pool.WorkerThread.run(WorkerThread.java:45)

"Thread-25" #37 daemon prio=5 os_prio=31 cpu=9.42ms elapsed=11.00s tid=0x00007f9b5e943000 nid=0x15403 waiting on condition  [0x000070000f04f000]
   java.lang.Thread.State: TIMED_WAITING (sleeping)
	at java.lang.Thread.sleep(java.base@11.0.4/Native Method)
	at java.lang.Thread.sleep(java.base@11.0.4/Thread.java:339)
	at java.util.concurrent.TimeUnit.sleep(java.base@11.0.4/TimeUnit.java:446)
	at net.greg.examples.pool.WorkerThread.run(WorkerThread.java:45)

"Thread-26" #38 daemon prio=5 os_prio=31 cpu=8.32ms elapsed=11.00s tid=0x00007f9b6120c000 nid=0x15203 waiting on condition  [0x000070000f152000]
   java.lang.Thread.State: TIMED_WAITING (sleeping)
	at java.lang.Thread.sleep(java.base@11.0.4/Native Method)
	at java.lang.Thread.sleep(java.base@11.0.4/Thread.java:339)
	at java.util.concurrent.TimeUnit.sleep(java.base@11.0.4/TimeUnit.java:446)
	at net.greg.examples.pool.WorkerThread.run(WorkerThread.java:45)

"Thread-27" #39 daemon prio=5 os_prio=31 cpu=1164.43ms elapsed=10.99s tid=0x00007f9b6300c000 nid=0x14f03 waiting for monitor entry  [0x000070000f255000]
   java.lang.Thread.State: BLOCKED (on object monitor)
	at java.io.PrintStream.println(java.base@11.0.4/PrintStream.java:881)
	- waiting to lock <0x000000070e701ba8> (a java.io.PrintStream)
	at net.greg.examples.pool.WorkerThread.run(WorkerThread.java:49)

"Thread-28" #40 daemon prio=5 os_prio=31 cpu=130.58ms elapsed=10.99s tid=0x00007f9b6201f800 nid=0xae03 waiting for monitor entry  [0x000070000f358000]
   java.lang.Thread.State: BLOCKED (on object monitor)
	at java.io.PrintStream.println(java.base@11.0.4/PrintStream.java:881)
	- waiting to lock <0x000000070e701ba8> (a java.io.PrintStream)
	at net.greg.examples.pool.WorkerThread.run(WorkerThread.java:49)

"Thread-29" #41 daemon prio=5 os_prio=31 cpu=479.61ms elapsed=10.99s tid=0x00007f9b5e0d8800 nid=0xaf03 waiting for monitor entry  [0x000070000f45b000]
   java.lang.Thread.State: BLOCKED (on object monitor)
	at java.io.PrintStream.println(java.base@11.0.4/PrintStream.java:881)
	- waiting to lock <0x000000070e701ba8> (a java.io.PrintStream)
	at net.greg.examples.pool.WorkerThread.run(WorkerThread.java:49)

"Thread-30" #42 daemon prio=5 os_prio=31 cpu=203.12ms elapsed=10.99s tid=0x00007f9b6300d000 nid=0x14903 waiting for monitor entry  [0x000070000f55e000]
   java.lang.Thread.State: BLOCKED (on object monitor)
	at java.io.PrintStream.println(java.base@11.0.4/PrintStream.java:881)
	- waiting to lock <0x000000070e701ba8> (a java.io.PrintStream)
	at net.greg.examples.pool.WorkerThread.run(WorkerThread.java:49)

"Thread-31" #43 daemon prio=5 os_prio=31 cpu=4.77ms elapsed=10.99s tid=0x00007f9b62020800 nid=0x14703 waiting on condition  [0x000070000f661000]
   java.lang.Thread.State: TIMED_WAITING (sleeping)
	at java.lang.Thread.sleep(java.base@11.0.4/Native Method)
	at java.lang.Thread.sleep(java.base@11.0.4/Thread.java:339)
	at java.util.concurrent.TimeUnit.sleep(java.base@11.0.4/TimeUnit.java:446)
	at net.greg.examples.pool.WorkerThread.run(WorkerThread.java:45)

"Thread-32" #44 daemon prio=5 os_prio=31 cpu=144.11ms elapsed=10.99s tid=0x00007f9b6280c000 nid=0xb103 waiting for monitor entry  [0x000070000f764000]
   java.lang.Thread.State: BLOCKED (on object monitor)
	at java.io.PrintStream.println(java.base@11.0.4/PrintStream.java:881)
	- waiting to lock <0x000000070e701ba8> (a java.io.PrintStream)
	at net.greg.examples.pool.WorkerThread.run(WorkerThread.java:49)

"Attach Listener" #45 daemon prio=9 os_prio=31 cpu=0.83ms elapsed=0.10s tid=0x00007f9b62809000 nid=0x1420b waiting on condition  [0x0000000000000000]
   java.lang.Thread.State: RUNNABLE

"VM Thread" os_prio=31 cpu=9.32ms elapsed=11.13s tid=0x00007f9b61031000 nid=0x4d03 runnable  

"GC Thread#0" os_prio=31 cpu=3.92ms elapsed=11.14s tid=0x00007f9b5e014800 nid=0x5303 runnable  

"GC Thread#1" os_prio=31 cpu=1.78ms elapsed=7.64s tid=0x00007f9b5f4da800 nid=0xb303 runnable  

"GC Thread#2" os_prio=31 cpu=1.69ms elapsed=7.64s tid=0x00007f9b5f4db000 nid=0xb503 runnable  

"GC Thread#3" os_prio=31 cpu=1.83ms elapsed=7.64s tid=0x00007f9b5f4dc000 nid=0xb603 runnable  

"GC Thread#4" os_prio=31 cpu=1.85ms elapsed=7.64s tid=0x00007f9b5e155000 nid=0xb703 runnable  

"GC Thread#5" os_prio=31 cpu=1.78ms elapsed=7.64s tid=0x00007f9b5e156000 nid=0x13e03 runnable  

"G1 Main Marker" os_prio=31 cpu=0.33ms elapsed=11.14s tid=0x00007f9b5e052800 nid=0x5103 runnable  

"G1 Conc#0" os_prio=31 cpu=0.06ms elapsed=11.14s tid=0x00007f9b5e053800 nid=0x2f03 runnable  

"G1 Refine#0" os_prio=31 cpu=0.31ms elapsed=11.14s tid=0x00007f9b5f0b2000 nid=0x3003 runnable  

"G1 Young RemSet Sampling" os_prio=31 cpu=2.33ms elapsed=11.14s tid=0x00007f9b5f0b2800 nid=0x4e03 runnable  
"VM Periodic Task Thread" os_prio=31 cpu=4.36ms elapsed=11.08s tid=0x00007f9b5f14c800 nid=0xa603 waiting on condition  

JNI global refs: 9, weak refs: 0

